<?xml version="1.0" encoding="UTF-8"?>
<!-- Generated by org.testng.reporters.JUnitReportReporter -->
<testsuite skipped="0" hostname="MAA-5CG7041Q2D" name="Practice_TestNG.CreateLead" tests="4" failures="0" timestamp="30 Jun 2019 04:46:04 GMT" time="66.144" errors="0">
  <testcase name="create_lead" time="18.131" classname="Practice_TestNG.CreateLead"/>
  <testcase name="create_lead" time="16.675" classname="Practice_TestNG.CreateLead"/>
  <testcase name="create_lead" time="17.702" classname="Practice_TestNG.CreateLead"/>
  <testcase name="create_lead" time="13.636" classname="Practice_TestNG.CreateLead"/>
</testsuite> <!-- Practice_TestNG.CreateLead -->
