<?xml version="1.0" encoding="UTF-8"?>
<!-- Generated by org.testng.reporters.JUnitReportReporter -->
<testsuite skipped="0" hostname="MAA-5CG7041Q2D" name="utils.Read_Excel" tests="1" failures="0" timestamp="30 Jun 2019 06:18:56 GMT" time="0.808" errors="0">
  <testcase name="read_data" time="0.808" classname="utils.Read_Excel"/>
</testsuite> <!-- utils.Read_Excel -->
