<?xml version="1.0" encoding="UTF-8"?>
<!-- Generated by org.testng.reporters.JUnitReportReporter -->
<testsuite skipped="0" hostname="MAA-5CG7041Q2D" name="TestNG.NewTest" tests="1" failures="0" timestamp="29 Jun 2019 06:33:57 GMT" time="0.011" errors="0">
  <testcase name="test" time="0.011" classname="TestNG.NewTest"/>
</testsuite> <!-- TestNG.NewTest -->
