<?xml version="1.0" encoding="UTF-8"?>
<!-- Generated by org.testng.reporters.JUnitReportReporter -->
<testsuite skipped="0" hostname="MAA-5CG7041Q2D" name="TestNG.Lead_enter" tests="1" failures="0" timestamp="29 Jun 2019 06:43:06 GMT" time="13.123" errors="0">
  <testcase name="createlead" time="13.123" classname="TestNG.Lead_enter"/>
</testsuite> <!-- TestNG.Lead_enter -->
